<?xml version="1.0" encoding="UTF-8"?>
<!-- Generated by org.testng.reporters.JUnitXMLReporter -->
<testsuite ignored="0" hostname="EN3810055" failures="0" tests="4" name="Default test" time="13.612" errors="0" timestamp="2022-11-23T17:29:46 CST">
  <testcase classname="ejerciciosSelenium.Ejercicio_1" name="invocarNavegador" time="5.168"/>
  <testcase classname="ejerciciosSelenium.Ejercicio_1" name="compararTitulos" time="0.027"/>
  <testcase classname="ejerciciosSelenium.Ejercicio_1" name="comandosDeNavegacion" time="8.099"/>
  <testcase classname="ejerciciosSelenium.Ejercicio_1" name="cerrarNavegador" time="0.26"/>
</testsuite> <!-- Default test -->
